<?xml version="1.0" encoding="UTF-8"?>
<testsuites>
  <testsuite name="mosBase" tests="17" assertions="34" errors="1" failures="0" skipped="0" time="0.958739">
    <testsuite name="configTest" file="/home/mos/projektit/mosBase/tests/unit/configTest.php" tests="7" assertions="8" errors="0" failures="0" skipped="0" time="0.008625">
      <testcase name="puuttuvaTiedostoFeilaa" class="configTest" classname="configTest" file="/home/mos/projektit/mosBase/tests/unit/configTest.php" line="21" assertions="1" time="0.004803"/>
      <testcase name="viallinenTiedostoFeilaa" class="configTest" classname="configTest" file="/home/mos/projektit/mosBase/tests/unit/configTest.php" line="29" assertions="1" time="0.000618"/>
      <testcase name="toimivaTiedostoLatautuu" class="configTest" classname="configTest" file="/home/mos/projektit/mosBase/tests/unit/configTest.php" line="37" assertions="1" time="0.000802"/>
      <testcase name="eiAluettaPalauttaaFalse" class="configTest" classname="configTest" file="/home/mos/projektit/mosBase/tests/unit/configTest.php" line="45" assertions="1" time="0.000590"/>
      <testcase name="GeneralPalauttaaTZn" class="configTest" classname="configTest" file="/home/mos/projektit/mosBase/tests/unit/configTest.php" line="54" assertions="1" time="0.000568"/>
      <testcase name="classLoaderFeilaaTuntemattomallaLuokalla" class="configTest" classname="configTest" file="/home/mos/projektit/mosBase/tests/unit/configTest.php" line="65" assertions="1" time="0.000584"/>
      <testcase name="classLoaderLoytaaLuokat" class="configTest" classname="configTest" file="/home/mos/projektit/mosBase/tests/unit/configTest.php" line="74" assertions="2" time="0.000660"/>
    </testsuite>
    <testsuite name="databaseTest" file="/home/mos/projektit/mosBase/tests/unit/databaseTest.php" tests="1" assertions="2" errors="0" failures="0" skipped="0" time="0.002554">
      <testcase name="DriveriOnPgsql" class="databaseTest" classname="databaseTest" file="/home/mos/projektit/mosBase/tests/unit/databaseTest.php" line="9" assertions="2" time="0.002554"/>
    </testsuite>
    <testsuite name="logTest" file="/home/mos/projektit/mosBase/tests/unit/logTest.php" tests="8" assertions="24" errors="0" failures="0" skipped="0" time="0.923525">
      <testcase name="logStartupCorrectDefaults" class="logTest" classname="logTest" file="/home/mos/projektit/mosBase/tests/unit/logTest.php" line="48" assertions="3" time="0.111107"/>
      <testcase name="setMarkerSucceeds" class="logTest" classname="logTest" file="/home/mos/projektit/mosBase/tests/unit/logTest.php" line="58" assertions="1" time="0.109378"/>
      <testcase name="logForCorrectLevel" class="logTest" classname="logTest" file="/home/mos/projektit/mosBase/tests/unit/logTest.php" line="67" assertions="1" time="0.137012"/>
      <testcase name="noLogForIncorrectLevel" class="logTest" classname="logTest" file="/home/mos/projektit/mosBase/tests/unit/logTest.php" line="76" assertions="1" time="0.110228"/>
      <testcase name="correctMarkerAndLogRow" class="logTest" classname="logTest" file="/home/mos/projektit/mosBase/tests/unit/logTest.php" line="85" assertions="3" time="0.136885"/>
      <testcase name="kolmeOikeaaKokonaislukua" class="logTest" classname="logTest" file="/home/mos/projektit/mosBase/tests/unit/logTest.php" line="103" assertions="3" time="0.102195"/>
      <testcase name="kolmeVaaraaKokonaislukua" class="logTest" classname="logTest" file="/home/mos/projektit/mosBase/tests/unit/logTest.php" line="114" assertions="3" time="0.103650"/>
      <testcase name="etuliitteetTavustaYotaan" class="logTest" classname="logTest" file="/home/mos/projektit/mosBase/tests/unit/logTest.php" line="124" assertions="9" time="0.113070"/>
    </testsuite>
    <testsuite name="malliTest" file="/home/mos/projektit/mosBase/tests/unit/malliTest.php" tests="1" assertions="0" errors="1" failures="0" skipped="0" time="0.024035">
      <testcase name="fooKonstruktoriIlmanHakutaulua" class="malliTest" classname="malliTest" file="/home/mos/projektit/mosBase/tests/unit/malliTest.php" line="50" assertions="0" time="0.024035">
        <error type="PHPUnit\DbUnit\InvalidArgumentException">malliTest::fooKonstruktoriIlmanHakutaulua
PHPUnit\DbUnit\InvalidArgumentException: Could not find xml file: tests/unit/mallidatabase.xml

/home/mos/projektit/mosBase/tests/unit/malliTest.php:33
</error>
      </testcase>
    </testsuite>
  </testsuite>
</testsuites>
